{
  "RSpec": {
    "coverage": {
      "/home/sinister/tic-tac-toe-rb/lib/tic_tac_toe.rb": [
        1,
        null,
        1,
        null,
        null,
        null,
        null,
        null,
        null,
        null,
        null,
        null,
        1,
        25,
        25,
        25,
        25,
        25,
        null,
        null,
        null,
        null,
        1,
        46,
        2,
        44,
        6,
        38,
        0,
        38,
        0,
        38,
        0,
        38,
        0,
        38,
        3,
        35,
        1,
        34,
        3,
        31,
        0,
        31,
        0,
        31,
        3,
        28,
        0,
        28,
        1,
        27,
        0,
        27,
        0,
        27,
        0,
        null,
        null,
        null,
        1,
        154,
        null,
        null,
        1,
        24,
        null,
        null,
        1,
        22,
        10,
        null,
        12,
        null,
        null,
        null,
        1,
        7,
        6,
        null,
        null,
        null,
        1,
        28,
        25,
        null,
        3,
        null,
        null,
        null,
        1,
        220,
        null,
        null,
        1,
        21,
        null,
        null,
        1,
        null,
        24,
        3,
        null,
        21,
        null,
        null,
        null,
        1,
        24,
        null,
        null,
        1,
        21,
        21,
        21,
        21,
        20,
        20,
        null,
        1,
        null,
        null,
        null,
        1,
        12,
        12,
        5,
        7,
        3,
        null,
        null,
        null,
        1,
        23,
        null,
        null,
        null
      ]
    },
    "timestamp": 1628993966
  }
}
